<?xml version="1.0" encoding="UTF-8"?>
<!-- Generated by org.testng.reporters.JUnitReportReporter -->
<testsuite hostname="LAPTOP-0J5OQKDH" failures="0" tests="4" name="com.Testng.Ignore_test" time="0.002" errors="0" timestamp="2022-08-12T08:03:57 IST" skipped="1">
  <testcase classname="com.Testng.Ignore_test" name="Agriculure" time="0.001"/>
  <system-out/>
  <testcase classname="com.Testng.Ignore_test" name="Powersector" time="0.001"/>
  <system-out/>
  <testcase classname="com.Testng.Ignore_test" name="Banking" time="0.000"/>
  <system-out/>
  <testcase classname="com.Testng.Ignore_test" name="Railways">
    <skipped/>
  </testcase> <!-- Railways -->
  <system-out/>
</testsuite> <!-- com.Testng.Ignore_test -->
