<?xml version="1.0" encoding="UTF-8"?>
<!-- Generated by org.testng.reporters.JUnitReportReporter -->
<testsuite hostname="LAPTOP-0J5OQKDH" failures="0" tests="6" name="com.Testng.Browser_launch" time="26.911" errors="0" timestamp="2022-08-12T08:11:11 IST" skipped="0">
  <testcase classname="com.Testng.Browser_launch" name="edge" time="10.531"/>
  <system-out/>
  <testcase classname="com.Testng.Browser_launch" name="Google" time="3.993"/>
  <system-out/>
  <testcase classname="com.Testng.Browser_launch" name="email" time="2.141"/>
  <system-out/>
  <testcase classname="com.Testng.Browser_launch" name="yahoo" time="3.373"/>
  <system-out/>
  <testcase classname="com.Testng.Browser_launch" name="outlook" time="2.809"/>
  <system-out/>
  <testcase classname="com.Testng.Browser_launch" name="microsoft" time="4.064"/>
  <system-out/>
</testsuite> <!-- com.Testng.Browser_launch -->
