<?xml version="1.0" encoding="UTF-8"?>
<!-- Generated by org.testng.reporters.JUnitReportReporter -->
<testsuite hostname="LAPTOP-0J5OQKDH" failures="0" tests="1" name="Aannotations.SimpleAnnotaions" time="0.005" errors="0" timestamp="2022-08-11T16:28:17 IST" skipped="0">
  <testcase classname="Aannotations.SimpleAnnotaions" name="fruit" time="0.005"/>
  <system-out/>
</testsuite> <!-- Aannotations.SimpleAnnotaions -->
