<?xml version="1.0" encoding="UTF-8"?>
<!-- Generated by org.testng.reporters.JUnitReportReporter -->
<testsuite hostname="LAPTOP-0J5OQKDH" failures="0" tests="4" name="Aannotations.Ignore_test" time="0.010" errors="0" timestamp="2022-08-11T12:10:22 IST" skipped="1">
  <testcase classname="Aannotations.Ignore_test" name="Agriculure" time="0.009"/>
  <system-out/>
  <testcase classname="Aannotations.Ignore_test" name="Banking" time="0.001"/>
  <system-out/>
  <testcase classname="Aannotations.Ignore_test" name="Powersector" time="0.000"/>
  <system-out/>
  <testcase classname="Aannotations.Ignore_test" name="Railways">
    <skipped/>
  </testcase> <!-- Railways -->
  <system-out/>
</testsuite> <!-- Aannotations.Ignore_test -->
