<?xml version="1.0" encoding="UTF-8"?>
<!-- Generated by org.testng.reporters.JUnitReportReporter -->
<testsuite hostname="LAPTOP-0J5OQKDH" failures="0" tests="1" name="Testcase.LoginTestcase" time="30.163" errors="0" timestamp="2022-08-25T14:38:32 IST" skipped="0">
  <testcase classname="Testcase.LoginTestcase" name="Browser_launch" time="30.163"/>
  <system-out/>
</testsuite> <!-- Testcase.LoginTestcase -->
